<?xml version="1.0" encoding="utf-8"?><testsuites name="pytest tests"><testsuite name="pytest" errors="0" failures="0" skipped="0" tests="23" time="3.524" timestamp="2026-05-02T01:34:56.972445+00:00" hostname="agent-env-e6a38984-1899-41ec-9ba5-9587ad8bfca7"><testcase classname="backend.tests.backend_test" name="test_root" time="0.188" /><testcase classname="backend.tests.backend_test.TestAuth" name="test_login_success_returns_user_and_token" time="0.278" /><testcase classname="backend.tests.backend_test.TestAuth" name="test_login_wrong_password" time="0.272" /><testcase classname="backend.tests.backend_test.TestAuth" name="test_login_unknown_email" time="0.050" /><testcase classname="backend.tests.backend_test.TestAuth" name="test_me_with_bearer" time="0.330" /><testcase classname="backend.tests.backend_test.TestAuth" name="test_me_without_auth" time="0.118" /><testcase classname="backend.tests.backend_test.TestAuth" name="test_bcrypt_hash_format" time="0.089" /><testcase classname="backend.tests.backend_test.TestBookingsPublic" name="test_create_booking_no_auth" time="0.046" /><testcase classname="backend.tests.backend_test.TestBookingsPublic" name="test_create_booking_validation_error" time="0.049" /><testcase classname="backend.tests.backend_test.TestBookingsPublic" name="test_create_booking_missing_fields" time="0.048" /><testcase classname="backend.tests.backend_test.TestAdminBookings" name="test_list_requires_auth" time="0.140" /><testcase classname="backend.tests.backend_test.TestAdminBookings" name="test_list_bookings" time="0.048" /><testcase classname="backend.tests.backend_test.TestAdminBookings" name="test_update_status_confirm" time="0.191" /><testcase classname="backend.tests.backend_test.TestAdminBookings" name="test_update_status_invalid" time="0.144" /><testcase classname="backend.tests.backend_test.TestAdminBookings" name="test_update_nonexistent" time="0.048" /><testcase classname="backend.tests.backend_test.TestAdminBookings" name="test_delete_booking" time="0.154" /><testcase classname="backend.tests.backend_test.TestAdminBookings" name="test_delete_nonexistent" time="0.047" /><testcase classname="backend.tests.backend_test.TestAdminStats" name="test_stats_requires_auth" time="0.114" /><testcase classname="backend.tests.backend_test.TestAdminStats" name="test_stats_structure" time="0.054" /><testcase classname="backend.tests.backend_test.TestAvailability" name="test_availability_empty_date" time="0.097" /><testcase classname="backend.tests.backend_test.TestAvailability" name="test_availability_returns_blocked_times_after_booking" time="0.374" /><testcase classname="backend.tests.backend_test.TestAvailability" name="test_cancelled_booking_does_not_block" time="0.293" /><testcase classname="backend.tests.backend_test" name="test_zzz_cleanup" time="0.159" /></testsuite></testsuites>