<?xml version="1.0" encoding="utf-8"?><testsuites name="pytest tests"><testsuite name="pytest" errors="0" failures="0" skipped="0" tests="33" time="6.409" timestamp="2026-05-02T02:01:34.506274+00:00" hostname="agent-env-e6a38984-1899-41ec-9ba5-9587ad8bfca7"><testcase classname="backend.tests.backend_test" name="test_root" time="0.278" /><testcase classname="backend.tests.backend_test.TestAuth" name="test_login_success_returns_user_and_token" time="0.272" /><testcase classname="backend.tests.backend_test.TestAuth" name="test_login_wrong_password" time="0.266" /><testcase classname="backend.tests.backend_test.TestAuth" name="test_login_unknown_email" time="0.046" /><testcase classname="backend.tests.backend_test.TestAuth" name="test_me_with_bearer" time="0.322" /><testcase classname="backend.tests.backend_test.TestAuth" name="test_me_without_auth" time="0.131" /><testcase classname="backend.tests.backend_test.TestAuth" name="test_bcrypt_hash_format" time="0.084" /><testcase classname="backend.tests.backend_test.TestDualLogin" name="test_login_with_identifier_email" time="0.273" /><testcase classname="backend.tests.backend_test.TestDualLogin" name="test_login_with_username" time="0.276" /><testcase classname="backend.tests.backend_test.TestDualLogin" name="test_login_username_case_insensitive" time="0.270" /><testcase classname="backend.tests.backend_test.TestDualLogin" name="test_login_legacy_email_field_still_works" time="0.274" /><testcase classname="backend.tests.backend_test.TestDualLogin" name="test_login_username_wrong_password" time="0.269" /><testcase classname="backend.tests.backend_test.TestDualLogin" name="test_login_unknown_username" time="0.062" /><testcase classname="backend.tests.backend_test.TestDualLogin" name="test_login_empty_identifier" time="0.045" /><testcase classname="backend.tests.backend_test.TestDualLogin" name="test_login_missing_identifier_and_email" time="0.057" /><testcase classname="backend.tests.backend_test.TestDualLogin" name="test_staff_can_access_admin_endpoints" time="0.548" /><testcase classname="backend.tests.backend_test.TestDualLogin" name="test_both_users_persist" time="0.546" /><testcase classname="backend.tests.backend_test.TestBookingsPublic" name="test_create_booking_no_auth" time="0.053" /><testcase classname="backend.tests.backend_test.TestBookingsPublic" name="test_create_booking_validation_error" time="0.064" /><testcase classname="backend.tests.backend_test.TestBookingsPublic" name="test_create_booking_missing_fields" time="0.047" /><testcase classname="backend.tests.backend_test.TestAdminBookings" name="test_list_requires_auth" time="0.121" /><testcase classname="backend.tests.backend_test.TestAdminBookings" name="test_list_bookings" time="0.063" /><testcase classname="backend.tests.backend_test.TestAdminBookings" name="test_update_status_confirm" time="0.219" /><testcase classname="backend.tests.backend_test.TestAdminBookings" name="test_update_status_invalid" time="0.189" /><testcase classname="backend.tests.backend_test.TestAdminBookings" name="test_update_nonexistent" time="0.057" /><testcase classname="backend.tests.backend_test.TestAdminBookings" name="test_delete_booking" time="0.160" /><testcase classname="backend.tests.backend_test.TestAdminBookings" name="test_delete_nonexistent" time="0.047" /><testcase classname="backend.tests.backend_test.TestAdminStats" name="test_stats_requires_auth" time="0.157" /><testcase classname="backend.tests.backend_test.TestAdminStats" name="test_stats_structure" time="0.050" /><testcase classname="backend.tests.backend_test.TestAvailability" name="test_availability_empty_date" time="0.097" /><testcase classname="backend.tests.backend_test.TestAvailability" name="test_availability_returns_blocked_times_after_booking" time="0.385" /><testcase classname="backend.tests.backend_test.TestAvailability" name="test_cancelled_booking_does_not_block" time="0.285" /><testcase classname="backend.tests.backend_test" name="test_zzz_cleanup" time="0.199" /></testsuite></testsuites>